<?xml version="1.0" encoding="UTF-8"?>
<testsuites name="Test Suite 1" time="183" tests="11" failures="0" errors="0">
   <testsuite name="Test Suite 1" tests="11" failures="0" errors="0" time="183" timestamp="2018-10-23 13:24:28" hostname="StaBdv - 10.100.35.169" id="Test Suites/Test Suite 1">
      <properties>
         <property name="deviceName" value=""/>
         <property name="devicePlatform" value=""/>
         <property name="logFolder" value="/Users/StaBdv/Documents/QA/Automation/Final_task/Reports/Test Suite 1/20181023_132427"/>
         <property name="logFiles" value="/Users/StaBdv/Documents/QA/Automation/Final_task/Reports/Test Suite 1/20181023_132427/execution0.log"/>
         <property name="attachments" value=""/>
         <property name="hostName" value="StaBdv - 10.100.35.169"/>
         <property name="os" value="Mac OS X 64bit"/>
         <property name="katalonVersion" value="5.8.0.1"/>
         <property name="browser" value="Firefox 62.0"/>
         <property name="hostAddress" value="10.100.35.169"/>
         <property name="sessionId" value="3a83eaa5-a59f-a544-9959-a0cd31eff58d"/>
         <property name="seleniumVersion" value="3.7.1"/>
         <property name="proxyInformation" value="ProxyInformation{proxyOption=NO_PROXY, proxyServerType=HTTP, password=, proxyServerAddress=, proxyServerPort=0}"/>
         <property name="platform" value="Mac OS X"/>
      </properties>
      <testcase name="Test Cases/Automationpractice/E-1 Verify that contact us form sends successfully" classname="Test Cases/Automationpractice/E-1 Verify that contact us form sends successfully" status="PASSED">
         <system-out><![CDATA[2018-10-23 13:24:29 - [TEST_CASE][PASSED] - Test Cases/Automationpractice/E-1 Verify that contact us form sends successfully: Test Cases/Automationpractice/E-1 Verify that contact us form sends successfully

2018-10-23 13:24:29 - [TEST_STEP][PASSED] - openBrowser: Browser is opened with url: 'http://automationpractice.com/index.php'

2018-10-23 13:24:38 - [MESSAGE][PASSED] - Browser is opened with url: 'http://automationpractice.com/index.php'

2018-10-23 13:24:38 - [TEST_STEP][PASSED] - click: Object: 'Object Repository/Page_My Store/a_Contact us' is clicked on

2018-10-23 13:24:39 - [MESSAGE][PASSED] - Object: 'Object Repository/Page_My Store/a_Contact us' is clicked on

2018-10-23 13:24:39 - [TEST_STEP][PASSED] - selectOptionByValue: All options with value '2' are selected in object 'Object Repository/Page_Contact us - My Store/select_-- Choose --'  using regular expression

2018-10-23 13:24:39 - [MESSAGE][PASSED] - All options with value '2' are selected in object 'Object Repository/Page_Contact us - My Store/select_-- Choose --'  using regular expression

2018-10-23 13:24:39 - [TEST_STEP][PASSED] - setText: Text 'test@mail.com' is set on object 'Object Repository/Page_Contact us - My Store/input_Email address_from'

2018-10-23 13:24:40 - [MESSAGE][PASSED] - Text 'test@mail.com' is set on object 'Object Repository/Page_Contact us - My Store/input_Email address_from'

2018-10-23 13:24:40 - [TEST_STEP][PASSED] - setText: Text '1122AABB' is set on object 'Object Repository/Page_Contact us - My Store/input_Order reference_id_order'

2018-10-23 13:24:40 - [MESSAGE][PASSED] - Text '1122AABB' is set on object 'Object Repository/Page_Contact us - My Store/input_Order reference_id_order'

2018-10-23 13:24:40 - [TEST_STEP][PASSED] - setText: Text 'Test message' is set on object 'Object Repository/Page_Contact us - My Store/textarea_Message_message'

2018-10-23 13:24:40 - [MESSAGE][PASSED] - Text 'Test message' is set on object 'Object Repository/Page_Contact us - My Store/textarea_Message_message'

2018-10-23 13:24:40 - [TEST_STEP][PASSED] - uploadFile: File '/Users/StaBdv/Documents/QA/Automation/Final_task/test.txt' sent to object: 'Object Repository/Page_Contact us - My Store/input_Attach File_fileUpload'

2018-10-23 13:24:40 - [MESSAGE][PASSED] - File '/Users/StaBdv/Documents/QA/Automation/Final_task/test.txt' sent to object: 'Object Repository/Page_Contact us - My Store/input_Attach File_fileUpload'

2018-10-23 13:24:40 - [TEST_STEP][PASSED] - click: Object: 'Object Repository/Page_Contact us - My Store/span_Send' is clicked on

2018-10-23 13:24:41 - [MESSAGE][PASSED] - Object: 'Object Repository/Page_Contact us - My Store/span_Send' is clicked on

2018-10-23 13:24:41 - [TEST_STEP][PASSED] - verifyTextPresent: Text 'Your message has been successfully sent to our team.' is present on page 

2018-10-23 13:24:41 - [MESSAGE][PASSED] - Text 'Your message has been successfully sent to our team.' is present on page 

2018-10-23 13:24:41 - [TEST_STEP][PASSED] - closeBrowser: Browser is closed

2018-10-23 13:24:41 - [MESSAGE][PASSED] - Browser is closed]]></system-out>
         <system-err><![CDATA[]]></system-err>
      </testcase>
      <testcase name="Test Cases/Automationpractice/E-2 Verify that error message appears if Message area is empty" classname="Test Cases/Automationpractice/E-2 Verify that error message appears if Message area is empty" status="PASSED">
         <system-out><![CDATA[2018-10-23 13:24:41 - [TEST_CASE][PASSED] - Test Cases/Automationpractice/E-2 Verify that error message appears if Message area is empty: Test Cases/Automationpractice/E-2 Verify that error message appears if Message area is empty

2018-10-23 13:24:41 - [TEST_STEP][PASSED] - openBrowser: Browser is opened with url: 'http://automationpractice.com/index.php'

2018-10-23 13:24:48 - [MESSAGE][PASSED] - Browser is opened with url: 'http://automationpractice.com/index.php'

2018-10-23 13:24:48 - [TEST_STEP][PASSED] - click: Object: 'Object Repository/Page_My Store/a_Contact us' is clicked on

2018-10-23 13:24:49 - [MESSAGE][PASSED] - Object: 'Object Repository/Page_My Store/a_Contact us' is clicked on

2018-10-23 13:24:49 - [TEST_STEP][PASSED] - selectOptionByValue: All options with value '2' are selected in object 'Object Repository/Page_Contact us - My Store/select_-- Choose --'  using regular expression

2018-10-23 13:24:49 - [MESSAGE][PASSED] - All options with value '2' are selected in object 'Object Repository/Page_Contact us - My Store/select_-- Choose --'  using regular expression

2018-10-23 13:24:49 - [TEST_STEP][PASSED] - setText: Text 'test@mail.com' is set on object 'Object Repository/Page_Contact us - My Store/input_Email address_from'

2018-10-23 13:24:49 - [MESSAGE][PASSED] - Text 'test@mail.com' is set on object 'Object Repository/Page_Contact us - My Store/input_Email address_from'

2018-10-23 13:24:49 - [TEST_STEP][PASSED] - setText: Text '1122AABB' is set on object 'Object Repository/Page_Contact us - My Store/input_Order reference_id_order'

2018-10-23 13:24:49 - [MESSAGE][PASSED] - Text '1122AABB' is set on object 'Object Repository/Page_Contact us - My Store/input_Order reference_id_order'

2018-10-23 13:24:49 - [TEST_STEP][PASSED] - uploadFile: File '/Users/StaBdv/Documents/QA/Automation/Final_task/test.txt' sent to object: 'Object Repository/Page_Contact us - My Store/input_Attach File_fileUpload'

2018-10-23 13:24:49 - [MESSAGE][PASSED] - File '/Users/StaBdv/Documents/QA/Automation/Final_task/test.txt' sent to object: 'Object Repository/Page_Contact us - My Store/input_Attach File_fileUpload'

2018-10-23 13:24:49 - [TEST_STEP][PASSED] - click: Object: 'Object Repository/Page_Contact us - My Store/span_Send' is clicked on

2018-10-23 13:24:50 - [MESSAGE][PASSED] - Object: 'Object Repository/Page_Contact us - My Store/span_Send' is clicked on

2018-10-23 13:24:50 - [TEST_STEP][PASSED] - verifyTextPresent: Text 'The message cannot be blank.' is present on page 

2018-10-23 13:24:50 - [MESSAGE][PASSED] - Text 'The message cannot be blank.' is present on page 

2018-10-23 13:24:50 - [TEST_STEP][PASSED] - closeBrowser: Browser is closed

2018-10-23 13:24:51 - [MESSAGE][PASSED] - Browser is closed]]></system-out>
         <system-err><![CDATA[]]></system-err>
      </testcase>
      <testcase name="Test Cases/Automationpractice/E-3 Verify the ability to register" classname="Test Cases/Automationpractice/E-3 Verify the ability to register" status="PASSED">
         <system-out><![CDATA[2018-10-23 13:24:51 - [TEST_CASE][PASSED] - Test Cases/Automationpractice/E-3 Verify the ability to register: Test Cases/Automationpractice/E-3 Verify the ability to register

2018-10-23 13:24:51 - [TEST_STEP][PASSED] - openBrowser: Browser is opened with url: 'http://automationpractice.com/index.php'

2018-10-23 13:24:57 - [MESSAGE][PASSED] - Browser is opened with url: 'http://automationpractice.com/index.php'

2018-10-23 13:24:57 - [TEST_STEP][PASSED] - click: Object: 'Object Repository/Page_My Store/a_Sign in' is clicked on

2018-10-23 13:24:59 - [MESSAGE][PASSED] - Object: 'Object Repository/Page_My Store/a_Sign in' is clicked on

2018-10-23 13:24:59 - [TEST_STEP][PASSED] - Statement - RN = <not implemented yet for class: org.codehaus.groovy.ast.expr.EmptyExpression>: null

2018-10-23 13:24:59 - [TEST_STEP][PASSED] - Statement - RN = java.lang.Math.random() * 10000: null

2018-10-23 13:24:59 - [TEST_STEP][PASSED] - setText: Text 'testreg7337@mail.com' is set on object 'Object Repository/Page_Login - My Store/input_Email address_email_crea'

2018-10-23 13:24:59 - [MESSAGE][PASSED] - Text 'testreg7337@mail.com' is set on object 'Object Repository/Page_Login - My Store/input_Email address_email_crea'

2018-10-23 13:24:59 - [TEST_STEP][PASSED] - click: Object: 'Object Repository/Page_Login - My Store/span_Create an account' is clicked on

2018-10-23 13:24:59 - [MESSAGE][PASSED] - Object: 'Object Repository/Page_Login - My Store/span_Create an account' is clicked on

2018-10-23 13:24:59 - [TEST_STEP][PASSED] - click: Object: 'Object Repository/Page_Login - My Store/span_Create an account' is clicked on

2018-10-23 13:24:59 - [MESSAGE][PASSED] - Object: 'Object Repository/Page_Login - My Store/span_Create an account' is clicked on

2018-10-23 13:24:59 - [TEST_STEP][PASSED] - click: Object: 'Object Repository/Page_Login - My Store/input_Mr._id_gender' is clicked on

2018-10-23 13:25:00 - [MESSAGE][PASSED] - Object: 'Object Repository/Page_Login - My Store/input_Mr._id_gender' is clicked on

2018-10-23 13:25:00 - [TEST_STEP][PASSED] - setText: Text 'Test' is set on object 'Object Repository/Page_Login - My Store/input__customer_firstname'

2018-10-23 13:25:00 - [MESSAGE][PASSED] - Text 'Test' is set on object 'Object Repository/Page_Login - My Store/input__customer_firstname'

2018-10-23 13:25:00 - [TEST_STEP][PASSED] - setText: Text 'User' is set on object 'Object Repository/Page_Login - My Store/input__customer_lastname'

2018-10-23 13:25:01 - [MESSAGE][PASSED] - Text 'User' is set on object 'Object Repository/Page_Login - My Store/input__customer_lastname'

2018-10-23 13:25:01 - [TEST_STEP][PASSED] - setEncryptedText: Text ****** has been set on object 'Object Repository/Page_Login - My Store/input__passwd'

2018-10-23 13:25:01 - [MESSAGE][PASSED] - Text ****** has been set on object 'Object Repository/Page_Login - My Store/input__passwd'

2018-10-23 13:25:01 - [TEST_STEP][PASSED] - selectOptionByValue: All options with value '2' are selected in object 'Object Repository/Page_Login - My Store/select_-1234567891011121314151'  using regular expression

2018-10-23 13:25:01 - [MESSAGE][PASSED] - All options with value '2' are selected in object 'Object Repository/Page_Login - My Store/select_-1234567891011121314151'  using regular expression

2018-10-23 13:25:01 - [TEST_STEP][PASSED] - selectOptionByValue: All options with value '1' are selected in object 'Object Repository/Page_Login - My Store/select_-JanuaryFebruaryMarchAp'  using regular expression

2018-10-23 13:25:02 - [MESSAGE][PASSED] - All options with value '1' are selected in object 'Object Repository/Page_Login - My Store/select_-JanuaryFebruaryMarchAp'  using regular expression

2018-10-23 13:25:02 - [TEST_STEP][PASSED] - selectOptionByValue: All options with value '1980' are selected in object 'Object Repository/Page_Login - My Store/select_-2018201720162015201420'  using regular expression

2018-10-23 13:25:03 - [MESSAGE][PASSED] - All options with value '1980' are selected in object 'Object Repository/Page_Login - My Store/select_-2018201720162015201420'  using regular expression

2018-10-23 13:25:03 - [TEST_STEP][PASSED] - setText: Text 'Test' is set on object 'Object Repository/Page_Login - My Store/input__firstname'

2018-10-23 13:25:03 - [MESSAGE][PASSED] - Text 'Test' is set on object 'Object Repository/Page_Login - My Store/input__firstname'

2018-10-23 13:25:03 - [TEST_STEP][PASSED] - setText: Text 'User' is set on object 'Object Repository/Page_Login - My Store/input__lastname'

2018-10-23 13:25:03 - [MESSAGE][PASSED] - Text 'User' is set on object 'Object Repository/Page_Login - My Store/input__lastname'

2018-10-23 13:25:03 - [TEST_STEP][PASSED] - setText: Text '3004 Baker Avenue' is set on object 'Object Repository/Page_Login - My Store/input__address1'

2018-10-23 13:25:03 - [MESSAGE][PASSED] - Text '3004 Baker Avenue' is set on object 'Object Repository/Page_Login - My Store/input__address1'

2018-10-23 13:25:03 - [TEST_STEP][PASSED] - setText: Text 'Westland' is set on object 'Object Repository/Page_Login - My Store/input__city'

2018-10-23 13:25:03 - [MESSAGE][PASSED] - Text 'Westland' is set on object 'Object Repository/Page_Login - My Store/input__city'

2018-10-23 13:25:03 - [TEST_STEP][PASSED] - selectOptionByValue: All options with value '38' are selected in object 'Object Repository/Page_Login - My Store/select_-AlabamaAlaskaArizonaAr'  using regular expression

2018-10-23 13:25:04 - [MESSAGE][PASSED] - All options with value '38' are selected in object 'Object Repository/Page_Login - My Store/select_-AlabamaAlaskaArizonaAr'  using regular expression

2018-10-23 13:25:04 - [TEST_STEP][PASSED] - setText: Text '15378' is set on object 'Object Repository/Page_Login - My Store/input__postcode'

2018-10-23 13:25:04 - [MESSAGE][PASSED] - Text '15378' is set on object 'Object Repository/Page_Login - My Store/input__postcode'

2018-10-23 13:25:04 - [TEST_STEP][PASSED] - setText: Text '817-803-6082' is set on object 'Object Repository/Page_Login - My Store/input__phone_mobile'

2018-10-23 13:25:04 - [MESSAGE][PASSED] - Text '817-803-6082' is set on object 'Object Repository/Page_Login - My Store/input__phone_mobile'

2018-10-23 13:25:04 - [TEST_STEP][PASSED] - setText: Text 'My address3004  Baker Avenue' is set on object 'Object Repository/Page_Login - My Store/input__alias'

2018-10-23 13:25:04 - [MESSAGE][PASSED] - Text 'My address3004  Baker Avenue' is set on object 'Object Repository/Page_Login - My Store/input__alias'

2018-10-23 13:25:04 - [TEST_STEP][PASSED] - click: Object: 'Object Repository/Page_Login - My Store/span_Register' is clicked on

2018-10-23 13:25:06 - [MESSAGE][PASSED] - Object: 'Object Repository/Page_Login - My Store/span_Register' is clicked on

2018-10-23 13:25:06 - [TEST_STEP][PASSED] - verifyTextPresent: Text 'Welcome to your account. Here you can manage all of your personal information and orders.' is present on page 

2018-10-23 13:25:06 - [MESSAGE][PASSED] - Text 'Welcome to your account. Here you can manage all of your personal information and orders.' is present on page 

2018-10-23 13:25:06 - [TEST_STEP][PASSED] - closeBrowser: Browser is closed

2018-10-23 13:25:06 - [MESSAGE][PASSED] - Browser is closed]]></system-out>
         <system-err><![CDATA[]]></system-err>
      </testcase>
      <testcase name="Test Cases/Automationpractice/E-4 Verify the ability to search items" classname="Test Cases/Automationpractice/E-4 Verify the ability to search items" status="PASSED">
         <system-out><![CDATA[2018-10-23 13:25:06 - [TEST_CASE][PASSED] - Test Cases/Automationpractice/E-4 Verify the ability to search items: Test Cases/Automationpractice/E-4 Verify the ability to search items

2018-10-23 13:25:07 - [TEST_STEP][PASSED] - openBrowser: Browser is opened with url: 'http://automationpractice.com/index.php'

2018-10-23 13:25:13 - [MESSAGE][PASSED] - Browser is opened with url: 'http://automationpractice.com/index.php'

2018-10-23 13:25:13 - [TEST_STEP][PASSED] - setText: Text 'Blouse' is set on object 'Object Repository/Page_My Store/input_Call us now_search_query'

2018-10-23 13:25:13 - [MESSAGE][PASSED] - Text 'Blouse' is set on object 'Object Repository/Page_My Store/input_Call us now_search_query'

2018-10-23 13:25:13 - [TEST_STEP][PASSED] - click: Object: 'Object Repository/Page_My Store/button_Search' is clicked on

2018-10-23 13:25:14 - [MESSAGE][PASSED] - Object: 'Object Repository/Page_My Store/button_Search' is clicked on

2018-10-23 13:25:14 - [TEST_STEP][PASSED] - verifyTextNotPresent: Text '0 results has been found.' is not present on page

2018-10-23 13:25:14 - [MESSAGE][PASSED] - Text '0 results has been found.' is not present on page

2018-10-23 13:25:14 - [TEST_STEP][PASSED] - closeBrowser: Browser is closed

2018-10-23 13:25:15 - [MESSAGE][PASSED] - Browser is closed]]></system-out>
         <system-err><![CDATA[]]></system-err>
      </testcase>
      <testcase name="Test Cases/Automationpractice/E-5 Verify the ability to add and delete items from cart" classname="Test Cases/Automationpractice/E-5 Verify the ability to add and delete items from cart" status="PASSED">
         <system-out><![CDATA[2018-10-23 13:25:15 - [TEST_CASE][PASSED] - Test Cases/Automationpractice/E-5 Verify the ability to add and delete items from cart: Test Cases/Automationpractice/E-5 Verify the ability to add and delete items from cart

2018-10-23 13:25:15 - [TEST_STEP][PASSED] - openBrowser: Browser is opened with url: 'http://automationpractice.com/index.php'

2018-10-23 13:25:21 - [MESSAGE][PASSED] - Browser is opened with url: 'http://automationpractice.com/index.php'

2018-10-23 13:25:21 - [TEST_STEP][PASSED] - setText: Text 'Dress' is set on object 'Object Repository/Page_My Store/input_Call us now_search_query (1) (1)'

2018-10-23 13:25:21 - [MESSAGE][PASSED] - Text 'Dress' is set on object 'Object Repository/Page_My Store/input_Call us now_search_query (1) (1)'

2018-10-23 13:25:21 - [TEST_STEP][PASSED] - click: Object: 'Object Repository/Page_My Store/button_Search (1) (1)' is clicked on

2018-10-23 13:25:22 - [MESSAGE][PASSED] - Object: 'Object Repository/Page_My Store/button_Search (1) (1)' is clicked on

2018-10-23 13:25:22 - [TEST_STEP][PASSED] - mouseOver: Object: 'Object Repository/Page_Search - My Store/img_Showing 1 - 7 of 7 items_r (1)' is hovered

2018-10-23 13:25:22 - [MESSAGE][PASSED] - Object: 'Object Repository/Page_Search - My Store/img_Showing 1 - 7 of 7 items_r (1)' is hovered

2018-10-23 13:25:22 - [TEST_STEP][PASSED] - waitForElementVisible: Object 'Object Repository/Page_Search - My Store/span_Add to cart' is visible

2018-10-23 13:25:22 - [MESSAGE][PASSED] - Object 'Object Repository/Page_Search - My Store/span_Add to cart' is visible

2018-10-23 13:25:22 - [TEST_STEP][PASSED] - click: Object: 'Object Repository/Page_Search - My Store/span_Add to cart' is clicked on

2018-10-23 13:25:23 - [MESSAGE][PASSED] - Object: 'Object Repository/Page_Search - My Store/span_Add to cart' is clicked on

2018-10-23 13:25:23 - [TEST_STEP][PASSED] - waitForElementVisible: Object 'Object Repository/Page_Printed Summer Dress - My Stor/span_Continue shopping' is visible

2018-10-23 13:25:23 - [MESSAGE][PASSED] - Object 'Object Repository/Page_Printed Summer Dress - My Stor/span_Continue shopping' is visible

2018-10-23 13:25:23 - [TEST_STEP][PASSED] - click: Object: 'Object Repository/Page_Printed Summer Dress - My Stor/span_Continue shopping' is clicked on

2018-10-23 13:25:23 - [MESSAGE][PASSED] - Object: 'Object Repository/Page_Printed Summer Dress - My Stor/span_Continue shopping' is clicked on

2018-10-23 13:25:23 - [TEST_STEP][PASSED] - waitForPageLoad: Wait for page load successfully

2018-10-23 13:25:24 - [MESSAGE][PASSED] - Wait for page load successfully

2018-10-23 13:25:24 - [TEST_STEP][PASSED] - waitForElementVisible: Object 'Object Repository/Page_My Store/b_Cart' is visible

2018-10-23 13:25:24 - [MESSAGE][PASSED] - Object 'Object Repository/Page_My Store/b_Cart' is visible

2018-10-23 13:25:24 - [TEST_STEP][PASSED] - click: Object: 'Object Repository/Page_My Store/b_Cart' is clicked on

2018-10-23 13:25:25 - [MESSAGE][PASSED] - Object: 'Object Repository/Page_My Store/b_Cart' is clicked on

2018-10-23 13:25:25 - [TEST_STEP][PASSED] - verifyTextNotPresent: Text 'Your shopping cart is empty.' is not present on page

2018-10-23 13:25:25 - [MESSAGE][PASSED] - Text 'Your shopping cart is empty.' is not present on page

2018-10-23 13:25:25 - [TEST_STEP][PASSED] - click: Object: 'Object Repository/Page_Order - My Store/i_28.98_icon-trash' is clicked on

2018-10-23 13:25:26 - [MESSAGE][PASSED] - Object: 'Object Repository/Page_Order - My Store/i_28.98_icon-trash' is clicked on

2018-10-23 13:25:26 - [TEST_STEP][PASSED] - refresh: Refresh successfully

2018-10-23 13:25:29 - [MESSAGE][PASSED] - Refresh successfully

2018-10-23 13:25:29 - [TEST_STEP][PASSED] - waitForPageLoad: Wait for page load successfully

2018-10-23 13:25:29 - [MESSAGE][PASSED] - Wait for page load successfully

2018-10-23 13:25:29 - [TEST_STEP][PASSED] - verifyTextPresent: Text 'Your shopping cart is empty.' is present on page 

2018-10-23 13:25:29 - [MESSAGE][PASSED] - Text 'Your shopping cart is empty.' is present on page 

2018-10-23 13:25:29 - [TEST_STEP][PASSED] - closeBrowser: Browser is closed

2018-10-23 13:25:29 - [MESSAGE][PASSED] - Browser is closed]]></system-out>
         <system-err><![CDATA[]]></system-err>
      </testcase>
      <testcase name="Test Cases/Automationpractice/E-6 Catalog Test" classname="Test Cases/Automationpractice/E-6 Catalog Test" status="PASSED">
         <system-out><![CDATA[2018-10-23 13:25:29 - [TEST_CASE][PASSED] - Test Cases/Automationpractice/E-6 Catalog Test: Test Cases/Automationpractice/E-6 Catalog Test

2018-10-23 13:25:29 - [TEST_STEP][PASSED] - openBrowser: Browser is opened with url: 'http://automationpractice.com/index.php'

2018-10-23 13:25:35 - [MESSAGE][PASSED] - Browser is opened with url: 'http://automationpractice.com/index.php'

2018-10-23 13:25:35 - [TEST_STEP][PASSED] - mouseOver: Object: 'Object Repository/Page_T-shirts - My Store/a_Women' is hovered

2018-10-23 13:25:35 - [MESSAGE][PASSED] - Object: 'Object Repository/Page_T-shirts - My Store/a_Women' is hovered

2018-10-23 13:25:35 - [TEST_STEP][PASSED] - waitForElementVisible: Web element with id: 'Object Repository/Page_T-shirts - My Store/span_T-shirts' located by 'By.xpath: //div[@id='center_column']/h1/span' not found

2018-10-23 13:25:39 - [MESSAGE][WARNING] - Web element with id: 'Object Repository/Page_T-shirts - My Store/span_T-shirts' located by 'By.xpath: //div[@id='center_column']/h1/span' not found

2018-10-23 13:25:39 - [TEST_STEP][PASSED] - click: Object: 'Object Repository/Page_My Store/a_T-shirts' is clicked on

2018-10-23 13:25:41 - [MESSAGE][PASSED] - Object: 'Object Repository/Page_My Store/a_T-shirts' is clicked on

2018-10-23 13:25:41 - [TEST_STEP][PASSED] - verifyElementPresent: Object 'Object Repository/Page_T-shirts - My Store/span_T-shirts_2' is present

2018-10-23 13:25:41 - [MESSAGE][PASSED] - Object 'Object Repository/Page_T-shirts - My Store/span_T-shirts_2' is present

2018-10-23 13:25:41 - [TEST_STEP][PASSED] - closeBrowser: Browser is closed

2018-10-23 13:25:41 - [MESSAGE][PASSED] - Browser is closed]]></system-out>
         <system-err><![CDATA[]]></system-err>
      </testcase>
      <testcase name="Test Cases/Automationpractice/E-7 Proceed To Checkout" classname="Test Cases/Automationpractice/E-7 Proceed To Checkout" status="PASSED">
         <system-out><![CDATA[2018-10-23 13:25:41 - [TEST_CASE][PASSED] - Test Cases/Automationpractice/E-7 Proceed To Checkout: Test Cases/Automationpractice/E-7 Proceed To Checkout

2018-10-23 13:25:42 - [TEST_STEP][PASSED] - openBrowser: Browser is opened with url: 'http://automationpractice.com/index.php'

2018-10-23 13:25:48 - [MESSAGE][PASSED] - Browser is opened with url: 'http://automationpractice.com/index.php'

2018-10-23 13:25:48 - [TEST_STEP][PASSED] - setText: Text 'Dress' is set on object 'Object Repository/Page_My Store/input_Call us now_search_query (1) (1)'

2018-10-23 13:25:48 - [MESSAGE][PASSED] - Text 'Dress' is set on object 'Object Repository/Page_My Store/input_Call us now_search_query (1) (1)'

2018-10-23 13:25:48 - [TEST_STEP][PASSED] - click: Object: 'Object Repository/Page_My Store/button_Search (1) (1)' is clicked on

2018-10-23 13:25:50 - [MESSAGE][PASSED] - Object: 'Object Repository/Page_My Store/button_Search (1) (1)' is clicked on

2018-10-23 13:25:50 - [TEST_STEP][PASSED] - mouseOver: Object: 'Object Repository/Page_Search - My Store/img_Showing 1 - 7 of 7 items_r (1)' is hovered

2018-10-23 13:25:50 - [MESSAGE][PASSED] - Object: 'Object Repository/Page_Search - My Store/img_Showing 1 - 7 of 7 items_r (1)' is hovered

2018-10-23 13:25:50 - [TEST_STEP][PASSED] - waitForElementVisible: Object 'Object Repository/Page_Search - My Store/span_Add to cart' is visible

2018-10-23 13:25:50 - [MESSAGE][PASSED] - Object 'Object Repository/Page_Search - My Store/span_Add to cart' is visible

2018-10-23 13:25:50 - [TEST_STEP][PASSED] - click: Object: 'Object Repository/Page_Search - My Store/span_Add to cart' is clicked on

2018-10-23 13:25:50 - [MESSAGE][PASSED] - Object: 'Object Repository/Page_Search - My Store/span_Add to cart' is clicked on

2018-10-23 13:25:50 - [TEST_STEP][PASSED] - waitForElementVisible: Object 'Object Repository/Page_Search - My Store/Proceed to checkout' is visible

2018-10-23 13:25:51 - [MESSAGE][PASSED] - Object 'Object Repository/Page_Search - My Store/Proceed to checkout' is visible

2018-10-23 13:25:51 - [TEST_STEP][PASSED] - click: Object: 'Object Repository/Page_Search - My Store/Proceed to checkout' is clicked on

2018-10-23 13:25:52 - [MESSAGE][PASSED] - Object: 'Object Repository/Page_Search - My Store/Proceed to checkout' is clicked on

2018-10-23 13:25:52 - [TEST_STEP][PASSED] - waitForElementVisible: Object 'Object Repository/Page_Order - My Store/Proceed to checkout 2' is visible

2018-10-23 13:25:52 - [MESSAGE][PASSED] - Object 'Object Repository/Page_Order - My Store/Proceed to checkout 2' is visible

2018-10-23 13:25:52 - [TEST_STEP][PASSED] - click: Object: 'Object Repository/Page_Order - My Store/Proceed to checkout 2' is clicked on

2018-10-23 13:25:54 - [MESSAGE][PASSED] - Object: 'Object Repository/Page_Order - My Store/Proceed to checkout 2' is clicked on

2018-10-23 13:25:54 - [TEST_STEP][PASSED] - Statement - RN = <not implemented yet for class: org.codehaus.groovy.ast.expr.EmptyExpression>: null

2018-10-23 13:25:54 - [TEST_STEP][PASSED] - Statement - RN = java.lang.Math.random() * 10000: null

2018-10-23 13:25:54 - [TEST_STEP][PASSED] - setText: Text 'test8048@mail.com' is set on object 'Object Repository/Page_Login - My Store/input_Email address_email_crea'

2018-10-23 13:25:54 - [MESSAGE][PASSED] - Text 'test8048@mail.com' is set on object 'Object Repository/Page_Login - My Store/input_Email address_email_crea'

2018-10-23 13:25:54 - [TEST_STEP][PASSED] - click: Object: 'Object Repository/Page_Login - My Store/span_Create an account' is clicked on

2018-10-23 13:25:54 - [MESSAGE][PASSED] - Object: 'Object Repository/Page_Login - My Store/span_Create an account' is clicked on

2018-10-23 13:25:54 - [TEST_STEP][PASSED] - click: Object: 'Object Repository/Page_Login - My Store/input_Mr._id_gender' is clicked on

2018-10-23 13:25:56 - [MESSAGE][PASSED] - Object: 'Object Repository/Page_Login - My Store/input_Mr._id_gender' is clicked on

2018-10-23 13:25:56 - [TEST_STEP][PASSED] - setText: Text 'Test' is set on object 'Object Repository/Page_Login - My Store/input__customer_firstname'

2018-10-23 13:25:56 - [MESSAGE][PASSED] - Text 'Test' is set on object 'Object Repository/Page_Login - My Store/input__customer_firstname'

2018-10-23 13:25:56 - [TEST_STEP][PASSED] - setText: Text 'User' is set on object 'Object Repository/Page_Login - My Store/input__customer_lastname'

2018-10-23 13:25:56 - [MESSAGE][PASSED] - Text 'User' is set on object 'Object Repository/Page_Login - My Store/input__customer_lastname'

2018-10-23 13:25:56 - [TEST_STEP][PASSED] - setEncryptedText: Text ****** has been set on object 'Object Repository/Page_Login - My Store/input__passwd'

2018-10-23 13:25:56 - [MESSAGE][PASSED] - Text ****** has been set on object 'Object Repository/Page_Login - My Store/input__passwd'

2018-10-23 13:25:56 - [TEST_STEP][PASSED] - selectOptionByValue: All options with value '1' are selected in object 'Object Repository/Page_Login - My Store/select_-1234567891011121314151'  using regular expression

2018-10-23 13:25:57 - [MESSAGE][PASSED] - All options with value '1' are selected in object 'Object Repository/Page_Login - My Store/select_-1234567891011121314151'  using regular expression

2018-10-23 13:25:57 - [TEST_STEP][PASSED] - selectOptionByValue: All options with value '1' are selected in object 'Object Repository/Page_Login - My Store/select_-JanuaryFebruaryMarchAp'  using regular expression

2018-10-23 13:25:57 - [MESSAGE][PASSED] - All options with value '1' are selected in object 'Object Repository/Page_Login - My Store/select_-JanuaryFebruaryMarchAp'  using regular expression

2018-10-23 13:25:57 - [TEST_STEP][PASSED] - selectOptionByValue: All options with value '1980' are selected in object 'Object Repository/Page_Login - My Store/select_-2018201720162015201420'  using regular expression

2018-10-23 13:25:58 - [MESSAGE][PASSED] - All options with value '1980' are selected in object 'Object Repository/Page_Login - My Store/select_-2018201720162015201420'  using regular expression

2018-10-23 13:25:58 - [TEST_STEP][PASSED] - setText: Text 'Test' is set on object 'Object Repository/Page_Login - My Store/input__firstname'

2018-10-23 13:25:58 - [MESSAGE][PASSED] - Text 'Test' is set on object 'Object Repository/Page_Login - My Store/input__firstname'

2018-10-23 13:25:58 - [TEST_STEP][PASSED] - setText: Text 'User' is set on object 'Object Repository/Page_Login - My Store/input__lastname'

2018-10-23 13:25:58 - [MESSAGE][PASSED] - Text 'User' is set on object 'Object Repository/Page_Login - My Store/input__lastname'

2018-10-23 13:25:58 - [TEST_STEP][PASSED] - setText: Text '107  Columbia Mine Road' is set on object 'Object Repository/Page_Login - My Store/input__address1'

2018-10-23 13:25:58 - [MESSAGE][PASSED] - Text '107  Columbia Mine Road' is set on object 'Object Repository/Page_Login - My Store/input__address1'

2018-10-23 13:25:58 - [TEST_STEP][PASSED] - setText: Text 'Martinsburg' is set on object 'Object Repository/Page_Login - My Store/input__city'

2018-10-23 13:25:58 - [MESSAGE][PASSED] - Text 'Martinsburg' is set on object 'Object Repository/Page_Login - My Store/input__city'

2018-10-23 13:25:58 - [TEST_STEP][PASSED] - selectOptionByValue: All options with value '48' are selected in object 'Object Repository/Page_Login - My Store/select_-AlabamaAlaskaArizonaAr'  using regular expression

2018-10-23 13:25:59 - [MESSAGE][PASSED] - All options with value '48' are selected in object 'Object Repository/Page_Login - My Store/select_-AlabamaAlaskaArizonaAr'  using regular expression

2018-10-23 13:25:59 - [TEST_STEP][PASSED] - setText: Text '25401' is set on object 'Object Repository/Page_Login - My Store/input__postcode'

2018-10-23 13:25:59 - [MESSAGE][PASSED] - Text '25401' is set on object 'Object Repository/Page_Login - My Store/input__postcode'

2018-10-23 13:25:59 - [TEST_STEP][PASSED] - setText: Text '304-671-7539' is set on object 'Object Repository/Page_Login - My Store/input__phone_mobile'

2018-10-23 13:25:59 - [MESSAGE][PASSED] - Text '304-671-7539' is set on object 'Object Repository/Page_Login - My Store/input__phone_mobile'

2018-10-23 13:25:59 - [TEST_STEP][PASSED] - setText: Text '107  Columbia Mine Road' is set on object 'Object Repository/Page_Login - My Store/input__alias'

2018-10-23 13:25:59 - [MESSAGE][PASSED] - Text '107  Columbia Mine Road' is set on object 'Object Repository/Page_Login - My Store/input__alias'

2018-10-23 13:25:59 - [TEST_STEP][PASSED] - click: Object: 'Object Repository/Page_Login - My Store/span_Register' is clicked on

2018-10-23 13:26:01 - [MESSAGE][PASSED] - Object: 'Object Repository/Page_Login - My Store/span_Register' is clicked on

2018-10-23 13:26:01 - [TEST_STEP][PASSED] - waitForElementVisible: Object 'Object Repository/Page_Order - My Store/Proceed to checkout 3' is visible

2018-10-23 13:26:01 - [MESSAGE][PASSED] - Object 'Object Repository/Page_Order - My Store/Proceed to checkout 3' is visible

2018-10-23 13:26:01 - [TEST_STEP][PASSED] - click: Object: 'Object Repository/Page_Order - My Store/Proceed to checkout 3' is clicked on

2018-10-23 13:26:03 - [MESSAGE][PASSED] - Object: 'Object Repository/Page_Order - My Store/Proceed to checkout 3' is clicked on

2018-10-23 13:26:03 - [TEST_STEP][PASSED] - waitForElementVisible: Object 'Object Repository/Page_Order - My Store/input_2.00_cgv' is not visible after 2 second(s)

2018-10-23 13:26:05 - [MESSAGE][WARNING] - Object 'Object Repository/Page_Order - My Store/input_2.00_cgv' is not visible after 2 second(s)

2018-10-23 13:26:05 - [TEST_STEP][PASSED] - click: Object: 'Object Repository/Page_Order - My Store/input_2.00_cgv' is clicked on

2018-10-23 13:26:05 - [MESSAGE][PASSED] - Object: 'Object Repository/Page_Order - My Store/input_2.00_cgv' is clicked on

2018-10-23 13:26:05 - [TEST_STEP][PASSED] - waitForElementVisible: Object 'Object Repository/Page_Order - My Store/Proceed to checkout 4' is visible

2018-10-23 13:26:05 - [MESSAGE][PASSED] - Object 'Object Repository/Page_Order - My Store/Proceed to checkout 4' is visible

2018-10-23 13:26:05 - [TEST_STEP][PASSED] - click: Object: 'Object Repository/Page_Order - My Store/Proceed to checkout 4' is clicked on

2018-10-23 13:26:06 - [MESSAGE][PASSED] - Object: 'Object Repository/Page_Order - My Store/Proceed to checkout 4' is clicked on

2018-10-23 13:26:06 - [TEST_STEP][PASSED] - waitForElementVisible: Object 'Object Repository/Page_Order - My Store/a_Pay by check (order processi' is visible

2018-10-23 13:26:06 - [MESSAGE][PASSED] - Object 'Object Repository/Page_Order - My Store/a_Pay by check (order processi' is visible

2018-10-23 13:26:06 - [TEST_STEP][PASSED] - click: Object: 'Object Repository/Page_Order - My Store/a_Pay by check (order processi' is clicked on

2018-10-23 13:26:07 - [MESSAGE][PASSED] - Object: 'Object Repository/Page_Order - My Store/a_Pay by check (order processi' is clicked on

2018-10-23 13:26:07 - [TEST_STEP][PASSED] - click: Object: 'Object Repository/Page_My Store/span_I confirm my order' is clicked on

2018-10-23 13:26:08 - [MESSAGE][PASSED] - Object: 'Object Repository/Page_My Store/span_I confirm my order' is clicked on

2018-10-23 13:26:08 - [TEST_STEP][PASSED] - click: Object: 'Object Repository/Page_Order confirmation - My Store/a_Test User' is clicked on

2018-10-23 13:26:09 - [MESSAGE][PASSED] - Object: 'Object Repository/Page_Order confirmation - My Store/a_Test User' is clicked on

2018-10-23 13:26:09 - [TEST_STEP][PASSED] - click: Object: 'Object Repository/Page_My account - My Store/span_Order history and details' is clicked on

2018-10-23 13:26:11 - [MESSAGE][PASSED] - Object: 'Object Repository/Page_My account - My Store/span_Order history and details' is clicked on

2018-10-23 13:26:11 - [TEST_STEP][PASSED] - waitForElementVisible: Object 'Object Repository/Page_Order history - My Store/span_On backorder' is visible

2018-10-23 13:26:11 - [MESSAGE][PASSED] - Object 'Object Repository/Page_Order history - My Store/span_On backorder' is visible

2018-10-23 13:26:11 - [TEST_STEP][PASSED] - closeBrowser: Browser is closed

2018-10-23 13:26:11 - [MESSAGE][PASSED] - Browser is closed]]></system-out>
         <system-err><![CDATA[]]></system-err>
      </testcase>
      <testcase name="Test Cases/Automationpractice/E-8 Verify CA modification" classname="Test Cases/Automationpractice/E-8 Verify CA modification" status="PASSED">
         <system-out><![CDATA[2018-10-23 13:26:11 - [TEST_CASE][PASSED] - Test Cases/Automationpractice/E-8 Verify CA modification: Test Cases/Automationpractice/E-8 Verify CA modification

2018-10-23 13:26:11 - [TEST_STEP][PASSED] - openBrowser: Browser is opened with url: ''

2018-10-23 13:26:13 - [MESSAGE][PASSED] - Browser is opened with url: ''

2018-10-23 13:26:13 - [TEST_STEP][PASSED] - navigateToUrl: Navigate to 'http://automationpractice.com/index.php' successfully

2018-10-23 13:26:19 - [MESSAGE][PASSED] - Navigate to 'http://automationpractice.com/index.php' successfully

2018-10-23 13:26:19 - [TEST_STEP][PASSED] - click: Object: 'Object Repository/Page_My Store/a_Sign in (1)' is clicked on

2018-10-23 13:26:21 - [MESSAGE][PASSED] - Object: 'Object Repository/Page_My Store/a_Sign in (1)' is clicked on

2018-10-23 13:26:21 - [TEST_STEP][PASSED] - setText: Text 'e-8test@testmail.com' is set on object 'Object Repository/Page_Login - My Store/input_Email address_email'

2018-10-23 13:26:21 - [MESSAGE][PASSED] - Text 'e-8test@testmail.com' is set on object 'Object Repository/Page_Login - My Store/input_Email address_email'

2018-10-23 13:26:21 - [TEST_STEP][PASSED] - setEncryptedText: Text ****** has been set on object 'Object Repository/Page_Login - My Store/input_Password_passwd'

2018-10-23 13:26:21 - [MESSAGE][PASSED] - Text ****** has been set on object 'Object Repository/Page_Login - My Store/input_Password_passwd'

2018-10-23 13:26:21 - [TEST_STEP][PASSED] - click: Object: 'Object Repository/Page_Login - My Store/span_Sign in' is clicked on

2018-10-23 13:26:23 - [MESSAGE][PASSED] - Object: 'Object Repository/Page_Login - My Store/span_Sign in' is clicked on

2018-10-23 13:26:23 - [TEST_STEP][PASSED] - click: Object: 'Object Repository/Page_My account - My Store/span_My addresses' is clicked on

2018-10-23 13:26:24 - [MESSAGE][PASSED] - Object: 'Object Repository/Page_My account - My Store/span_My addresses' is clicked on

2018-10-23 13:26:24 - [TEST_STEP][PASSED] - click: Object: 'Object Repository/Page_Addresses - My Store/span_Delete' is clicked on

2018-10-23 13:26:24 - [MESSAGE][PASSED] - Object: 'Object Repository/Page_Addresses - My Store/span_Delete' is clicked on

2018-10-23 13:26:24 - [TEST_STEP][NOT_RUN] - switchToWindowTitle: NOT_RUN: switchToWindowTitle

2018-10-23 13:26:24 - [MESSAGE][NOT_RUN] - NOT_RUN: switchToWindowTitle

2018-10-23 13:26:24 - [TEST_STEP][PASSED] - acceptAlert: Alert accepted

2018-10-23 13:26:24 - [MESSAGE][PASSED] - Alert accepted

2018-10-23 13:26:24 - [TEST_STEP][PASSED] - refresh: Refresh successfully

2018-10-23 13:26:27 - [MESSAGE][PASSED] - Refresh successfully

2018-10-23 13:26:27 - [TEST_STEP][PASSED] - waitForPageLoad: Wait for page load successfully

2018-10-23 13:26:27 - [MESSAGE][PASSED] - Wait for page load successfully

2018-10-23 13:26:27 - [TEST_STEP][PASSED] - verifyTextPresent: Text 'No addresses are available. ' is present on page 

2018-10-23 13:26:27 - [MESSAGE][PASSED] - Text 'No addresses are available. ' is present on page 

2018-10-23 13:26:27 - [TEST_STEP][PASSED] - click: Object: 'Object Repository/Page_Addresses - My Store/span_Add a new address' is clicked on

2018-10-23 13:26:28 - [MESSAGE][PASSED] - Object: 'Object Repository/Page_Addresses - My Store/span_Add a new address' is clicked on

2018-10-23 13:26:28 - [TEST_STEP][PASSED] - setText: Text '77411' is set on object 'Object Repository/Page_Address - My Store/input__postcode'

2018-10-23 13:26:28 - [MESSAGE][PASSED] - Text '77411' is set on object 'Object Repository/Page_Address - My Store/input__postcode'

2018-10-23 13:26:28 - [TEST_STEP][PASSED] - selectOptionByValue: All options with value '43' are selected in object 'Object Repository/Page_Address - My Store/select_-AlabamaAlaskaArizonaAr'  using regular expression

2018-10-23 13:26:29 - [MESSAGE][PASSED] - All options with value '43' are selected in object 'Object Repository/Page_Address - My Store/select_-AlabamaAlaskaArizonaAr'  using regular expression

2018-10-23 13:26:29 - [TEST_STEP][PASSED] - setText: Text 'Alief' is set on object 'Object Repository/Page_Address - My Store/input__city'

2018-10-23 13:26:29 - [MESSAGE][PASSED] - Text 'Alief' is set on object 'Object Repository/Page_Address - My Store/input__city'

2018-10-23 13:26:29 - [TEST_STEP][PASSED] - setText: Text '2078  Private Lane' is set on object 'Object Repository/Page_Address - My Store/input__address1'

2018-10-23 13:26:29 - [MESSAGE][PASSED] - Text '2078  Private Lane' is set on object 'Object Repository/Page_Address - My Store/input__address1'

2018-10-23 13:26:29 - [TEST_STEP][PASSED] - setText: Text '817-829-2937' is set on object 'Object Repository/Page_Address - My Store/input__phone_mobile'

2018-10-23 13:26:29 - [MESSAGE][PASSED] - Text '817-829-2937' is set on object 'Object Repository/Page_Address - My Store/input__phone_mobile'

2018-10-23 13:26:29 - [TEST_STEP][PASSED] - setText: Text '229-253-4172' is set on object 'Object Repository/Page_Address - My Store/input__phone'

2018-10-23 13:26:29 - [MESSAGE][PASSED] - Text '229-253-4172' is set on object 'Object Repository/Page_Address - My Store/input__phone'

2018-10-23 13:26:29 - [TEST_STEP][PASSED] - click: Object: 'Object Repository/Page_Address - My Store/span_Save' is clicked on

2018-10-23 13:26:31 - [MESSAGE][PASSED] - Object: 'Object Repository/Page_Address - My Store/span_Save' is clicked on

2018-10-23 13:26:31 - [TEST_STEP][PASSED] - verifyTextNotPresent: Text 'No addresses are available' is not present on page

2018-10-23 13:26:31 - [MESSAGE][PASSED] - Text 'No addresses are available' is not present on page

2018-10-23 13:26:31 - [TEST_STEP][PASSED] - click: Object: 'Object Repository/Page_Addresses - My Store/a_Sign out' is clicked on

2018-10-23 13:26:33 - [MESSAGE][PASSED] - Object: 'Object Repository/Page_Addresses - My Store/a_Sign out' is clicked on

2018-10-23 13:26:33 - [TEST_STEP][PASSED] - verifyTextPresent: Text 'AUTHENTICATION' is present on page 

2018-10-23 13:26:33 - [MESSAGE][PASSED] - Text 'AUTHENTICATION' is present on page 

2018-10-23 13:26:33 - [TEST_STEP][PASSED] - closeBrowser: Browser is closed

2018-10-23 13:26:33 - [MESSAGE][PASSED] - Browser is closed]]></system-out>
         <system-err><![CDATA[]]></system-err>
      </testcase>
      <testcase name="Test Cases/Automationpractice/E-9 Wishlist test" classname="Test Cases/Automationpractice/E-9 Wishlist test" status="PASSED">
         <system-out><![CDATA[2018-10-23 13:26:33 - [TEST_CASE][PASSED] - Test Cases/Automationpractice/E-9 Wishlist test: Test Cases/Automationpractice/E-9 Wishlist test

2018-10-23 13:26:33 - [TEST_STEP][PASSED] - openBrowser: Browser is opened with url: ''

2018-10-23 13:26:35 - [MESSAGE][PASSED] - Browser is opened with url: ''

2018-10-23 13:26:35 - [TEST_STEP][PASSED] - navigateToUrl: Navigate to 'http://automationpractice.com/index.php' successfully

2018-10-23 13:26:39 - [MESSAGE][PASSED] - Navigate to 'http://automationpractice.com/index.php' successfully

2018-10-23 13:26:39 - [TEST_STEP][PASSED] - click: Object: 'Object Repository/Page_My Store/a_Sign in' is clicked on

2018-10-23 13:26:41 - [MESSAGE][PASSED] - Object: 'Object Repository/Page_My Store/a_Sign in' is clicked on

2018-10-23 13:26:41 - [TEST_STEP][PASSED] - setText: Text 'e-8test@testmail.com' is set on object 'Object Repository/Page_Login - My Store/input_Email address_email'

2018-10-23 13:26:41 - [MESSAGE][PASSED] - Text 'e-8test@testmail.com' is set on object 'Object Repository/Page_Login - My Store/input_Email address_email'

2018-10-23 13:26:41 - [TEST_STEP][PASSED] - setEncryptedText: Text ****** has been set on object 'Object Repository/Page_Login - My Store/input_Password_passwd'

2018-10-23 13:26:41 - [MESSAGE][PASSED] - Text ****** has been set on object 'Object Repository/Page_Login - My Store/input_Password_passwd'

2018-10-23 13:26:41 - [TEST_STEP][PASSED] - click: Object: 'Object Repository/Page_Login - My Store/span_Sign in' is clicked on

2018-10-23 13:26:42 - [MESSAGE][PASSED] - Object: 'Object Repository/Page_Login - My Store/span_Sign in' is clicked on

2018-10-23 13:26:42 - [TEST_STEP][PASSED] - mouseOver: Object: 'Object Repository/Page_My account - My Store/a_Dresses' is hovered

2018-10-23 13:26:42 - [MESSAGE][PASSED] - Object: 'Object Repository/Page_My account - My Store/a_Dresses' is hovered

2018-10-23 13:26:42 - [TEST_STEP][PASSED] - waitForElementVisible: Object 'Object Repository/Page_My account - My Store/a_Evening Dresses' is visible

2018-10-23 13:26:43 - [MESSAGE][PASSED] - Object 'Object Repository/Page_My account - My Store/a_Evening Dresses' is visible

2018-10-23 13:26:43 - [TEST_STEP][PASSED] - click: Object: 'Object Repository/Page_My account - My Store/a_Evening Dresses' is clicked on

2018-10-23 13:26:45 - [MESSAGE][PASSED] - Object: 'Object Repository/Page_My account - My Store/a_Evening Dresses' is clicked on

2018-10-23 13:26:45 - [TEST_STEP][PASSED] - click: Object: 'Object Repository/Page_Evening Dresses - My Store/img_Showing 1 - 1 of 1 item_re_1' is clicked on

2018-10-23 13:26:46 - [MESSAGE][PASSED] - Object: 'Object Repository/Page_Evening Dresses - My Store/img_Showing 1 - 1 of 1 item_re_1' is clicked on

2018-10-23 13:26:46 - [TEST_STEP][PASSED] - click: Object: 'Object Repository/Page_Printed Dress - My Store/a_Add to wishlist' is clicked on

2018-10-23 13:26:47 - [MESSAGE][PASSED] - Object: 'Object Repository/Page_Printed Dress - My Store/a_Add to wishlist' is clicked on

2018-10-23 13:26:47 - [TEST_STEP][PASSED] - click: Object: 'Object Repository/Page_Evening Dresses - My Store/span_Henry  Ralston' is clicked on

2018-10-23 13:26:48 - [MESSAGE][PASSED] - Object: 'Object Repository/Page_Evening Dresses - My Store/span_Henry  Ralston' is clicked on

2018-10-23 13:26:48 - [TEST_STEP][PASSED] - click: Object: 'Object Repository/Page_My account - My Store/span_My wishlists' is clicked on

2018-10-23 13:26:49 - [MESSAGE][PASSED] - Object: 'Object Repository/Page_My account - My Store/span_My wishlists' is clicked on

2018-10-23 13:26:49 - [TEST_STEP][PASSED] - click: Object: 'Object Repository/Page_My Store/a_View' is clicked on

2018-10-23 13:26:49 - [MESSAGE][PASSED] - Object: 'Object Repository/Page_My Store/a_View' is clicked on

2018-10-23 13:26:49 - [TEST_STEP][PASSED] - verifyTextNotPresent: Text 'No products' is not present on page

2018-10-23 13:26:50 - [MESSAGE][PASSED] - Text 'No products' is not present on page

2018-10-23 13:26:50 - [TEST_STEP][PASSED] - click: Object: 'Object Repository/Page_My Store/i_View_icon-remove' is clicked on

2018-10-23 13:26:50 - [MESSAGE][PASSED] - Object: 'Object Repository/Page_My Store/i_View_icon-remove' is clicked on

2018-10-23 13:26:50 - [TEST_STEP][PASSED] - closeBrowser: Browser is closed

2018-10-23 13:26:50 - [MESSAGE][PASSED] - Browser is closed]]></system-out>
         <system-err><![CDATA[]]></system-err>
      </testcase>
      <testcase name="Test Cases/Automationpractice/E-11 Registration form validation" classname="Test Cases/Automationpractice/E-11 Registration form validation" status="PASSED">
         <system-out><![CDATA[2018-10-23 13:26:50 - [TEST_CASE][PASSED] - Test Cases/Automationpractice/E-11 Registration form validation: Test Cases/Automationpractice/E-11 Registration form validation

2018-10-23 13:26:50 - [TEST_STEP][PASSED] - openBrowser: Browser is opened with url: 'http://automationpractice.com/index.php'

2018-10-23 13:26:57 - [MESSAGE][PASSED] - Browser is opened with url: 'http://automationpractice.com/index.php'

2018-10-23 13:26:57 - [TEST_STEP][PASSED] - click: Object: 'Object Repository/Page_My Store/a_Sign in' is clicked on

2018-10-23 13:26:59 - [MESSAGE][PASSED] - Object: 'Object Repository/Page_My Store/a_Sign in' is clicked on

2018-10-23 13:26:59 - [TEST_STEP][PASSED] - Statement - RN = <not implemented yet for class: org.codehaus.groovy.ast.expr.EmptyExpression>: null

2018-10-23 13:26:59 - [TEST_STEP][PASSED] - Statement - RN = java.lang.Math.random() * 10000: null

2018-10-23 13:26:59 - [TEST_STEP][PASSED] - setText: Text 'testreg8376@mail.com' is set on object 'Object Repository/Page_Login - My Store/input_Email address_email_crea'

2018-10-23 13:26:59 - [MESSAGE][PASSED] - Text 'testreg8376@mail.com' is set on object 'Object Repository/Page_Login - My Store/input_Email address_email_crea'

2018-10-23 13:26:59 - [TEST_STEP][PASSED] - click: Object: 'Object Repository/Page_Login - My Store/span_Create an account' is clicked on

2018-10-23 13:26:59 - [MESSAGE][PASSED] - Object: 'Object Repository/Page_Login - My Store/span_Create an account' is clicked on

2018-10-23 13:26:59 - [TEST_STEP][PASSED] - click: Object: 'Object Repository/Page_Login - My Store/span_Create an account' is clicked on

2018-10-23 13:26:59 - [MESSAGE][PASSED] - Object: 'Object Repository/Page_Login - My Store/span_Create an account' is clicked on

2018-10-23 13:26:59 - [TEST_STEP][PASSED] - click: Object: 'Object Repository/Page_Login - My Store/input_Mr._id_gender' is clicked on

2018-10-23 13:27:01 - [MESSAGE][PASSED] - Object: 'Object Repository/Page_Login - My Store/input_Mr._id_gender' is clicked on

2018-10-23 13:27:01 - [TEST_STEP][PASSED] - setText: Text 'Test' is set on object 'Object Repository/Page_Login - My Store/input__customer_firstname'

2018-10-23 13:27:01 - [MESSAGE][PASSED] - Text 'Test' is set on object 'Object Repository/Page_Login - My Store/input__customer_firstname'

2018-10-23 13:27:01 - [TEST_STEP][PASSED] - setText: Text 'User' is set on object 'Object Repository/Page_Login - My Store/input__customer_lastname'

2018-10-23 13:27:01 - [MESSAGE][PASSED] - Text 'User' is set on object 'Object Repository/Page_Login - My Store/input__customer_lastname'

2018-10-23 13:27:01 - [TEST_STEP][PASSED] - setEncryptedText: Text ****** has been set on object 'Object Repository/Page_Login - My Store/input__passwd'

2018-10-23 13:27:01 - [MESSAGE][PASSED] - Text ****** has been set on object 'Object Repository/Page_Login - My Store/input__passwd'

2018-10-23 13:27:01 - [TEST_STEP][PASSED] - selectOptionByValue: All options with value '2' are selected in object 'Object Repository/Page_Login - My Store/select_-1234567891011121314151'  using regular expression

2018-10-23 13:27:01 - [MESSAGE][PASSED] - All options with value '2' are selected in object 'Object Repository/Page_Login - My Store/select_-1234567891011121314151'  using regular expression

2018-10-23 13:27:01 - [TEST_STEP][PASSED] - selectOptionByValue: All options with value '1' are selected in object 'Object Repository/Page_Login - My Store/select_-JanuaryFebruaryMarchAp'  using regular expression

2018-10-23 13:27:02 - [MESSAGE][PASSED] - All options with value '1' are selected in object 'Object Repository/Page_Login - My Store/select_-JanuaryFebruaryMarchAp'  using regular expression

2018-10-23 13:27:02 - [TEST_STEP][PASSED] - selectOptionByValue: All options with value '1980' are selected in object 'Object Repository/Page_Login - My Store/select_-2018201720162015201420'  using regular expression

2018-10-23 13:27:03 - [MESSAGE][PASSED] - All options with value '1980' are selected in object 'Object Repository/Page_Login - My Store/select_-2018201720162015201420'  using regular expression

2018-10-23 13:27:03 - [TEST_STEP][PASSED] - setText: Text 'Test' is set on object 'Object Repository/Page_Login - My Store/input__firstname'

2018-10-23 13:27:03 - [MESSAGE][PASSED] - Text 'Test' is set on object 'Object Repository/Page_Login - My Store/input__firstname'

2018-10-23 13:27:03 - [TEST_STEP][PASSED] - setText: Text 'User' is set on object 'Object Repository/Page_Login - My Store/input__lastname'

2018-10-23 13:27:03 - [MESSAGE][PASSED] - Text 'User' is set on object 'Object Repository/Page_Login - My Store/input__lastname'

2018-10-23 13:27:03 - [TEST_STEP][PASSED] - setText: Text '3004 Baker Avenue' is set on object 'Object Repository/Page_Login - My Store/input__address1'

2018-10-23 13:27:03 - [MESSAGE][PASSED] - Text '3004 Baker Avenue' is set on object 'Object Repository/Page_Login - My Store/input__address1'

2018-10-23 13:27:03 - [TEST_STEP][PASSED] - setText: Text 'Westland' is set on object 'Object Repository/Page_Login - My Store/input__city'

2018-10-23 13:27:03 - [MESSAGE][PASSED] - Text 'Westland' is set on object 'Object Repository/Page_Login - My Store/input__city'

2018-10-23 13:27:03 - [TEST_STEP][PASSED] - selectOptionByValue: All options with value '38' are selected in object 'Object Repository/Page_Login - My Store/select_-AlabamaAlaskaArizonaAr'  using regular expression

2018-10-23 13:27:04 - [MESSAGE][PASSED] - All options with value '38' are selected in object 'Object Repository/Page_Login - My Store/select_-AlabamaAlaskaArizonaAr'  using regular expression

2018-10-23 13:27:04 - [TEST_STEP][PASSED] - setText: Text '153567' is set on object 'Object Repository/Page_Login - My Store/input__postcode'

2018-10-23 13:27:04 - [MESSAGE][PASSED] - Text '153567' is set on object 'Object Repository/Page_Login - My Store/input__postcode'

2018-10-23 13:27:04 - [TEST_STEP][PASSED] - setText: Text '817-803-6082' is set on object 'Object Repository/Page_Login - My Store/input__phone_mobile'

2018-10-23 13:27:04 - [MESSAGE][PASSED] - Text '817-803-6082' is set on object 'Object Repository/Page_Login - My Store/input__phone_mobile'

2018-10-23 13:27:04 - [TEST_STEP][PASSED] - setText: Text 'My address3004  Baker Avenue' is set on object 'Object Repository/Page_Login - My Store/input__alias'

2018-10-23 13:27:04 - [MESSAGE][PASSED] - Text 'My address3004  Baker Avenue' is set on object 'Object Repository/Page_Login - My Store/input__alias'

2018-10-23 13:27:04 - [TEST_STEP][PASSED] - click: Object: 'Object Repository/Page_Login - My Store/span_Register' is clicked on

2018-10-23 13:27:05 - [MESSAGE][PASSED] - Object: 'Object Repository/Page_Login - My Store/span_Register' is clicked on

2018-10-23 13:27:05 - [TEST_STEP][PASSED] - delay: Delayed 2 second(s)

2018-10-23 13:27:07 - [MESSAGE][PASSED] - Delayed 2 second(s)

2018-10-23 13:27:07 - [TEST_STEP][PASSED] - verifyTextPresent: Text 'The Zip/Postal code you've entered is invalid. It must follow this format: 00000' is present on page 

2018-10-23 13:27:08 - [MESSAGE][PASSED] - Text 'The Zip/Postal code you've entered is invalid. It must follow this format: 00000' is present on page 

2018-10-23 13:27:08 - [TEST_STEP][PASSED] - setText: Text '15567' is set on object 'Object Repository/Page_Login - My Store/input__postcode'

2018-10-23 13:27:08 - [MESSAGE][PASSED] - Text '15567' is set on object 'Object Repository/Page_Login - My Store/input__postcode'

2018-10-23 13:27:08 - [TEST_STEP][PASSED] - setEncryptedText: Text ****** has been set on object 'Object Repository/Page_Login - My Store/input__passwd'

2018-10-23 13:27:08 - [MESSAGE][PASSED] - Text ****** has been set on object 'Object Repository/Page_Login - My Store/input__passwd'

2018-10-23 13:27:08 - [TEST_STEP][PASSED] - click: Object: 'Object Repository/Page_Login - My Store/span_Register' is clicked on

2018-10-23 13:27:10 - [MESSAGE][PASSED] - Object: 'Object Repository/Page_Login - My Store/span_Register' is clicked on

2018-10-23 13:27:10 - [TEST_STEP][PASSED] - delay: Delayed 2 second(s)

2018-10-23 13:27:12 - [MESSAGE][PASSED] - Delayed 2 second(s)

2018-10-23 13:27:12 - [TEST_STEP][PASSED] - verifyTextPresent: Text 'Welcome to your account. Here you can manage all of your personal information and orders.' is present on page 

2018-10-23 13:27:12 - [MESSAGE][PASSED] - Text 'Welcome to your account. Here you can manage all of your personal information and orders.' is present on page 

2018-10-23 13:27:12 - [TEST_STEP][PASSED] - closeBrowser: Browser is closed

2018-10-23 13:27:12 - [MESSAGE][PASSED] - Browser is closed]]></system-out>
         <system-err><![CDATA[]]></system-err>
      </testcase>
      <testcase name="Test Cases/Automationpractice/E-10 Write a review test" classname="Test Cases/Automationpractice/E-10 Write a review test" status="PASSED">
         <system-out><![CDATA[2018-10-23 13:27:12 - [TEST_CASE][PASSED] - Test Cases/Automationpractice/E-10 Write a review test: Test Cases/Automationpractice/E-10 Write a review test

2018-10-23 13:27:12 - [TEST_STEP][PASSED] - openBrowser: Browser is opened with url: ''

2018-10-23 13:27:14 - [MESSAGE][PASSED] - Browser is opened with url: ''

2018-10-23 13:27:14 - [TEST_STEP][PASSED] - navigateToUrl: Navigate to 'http://automationpractice.com/index.php' successfully

2018-10-23 13:27:18 - [MESSAGE][PASSED] - Navigate to 'http://automationpractice.com/index.php' successfully

2018-10-23 13:27:18 - [TEST_STEP][PASSED] - click: Object: 'Object Repository/Page_My Store/a_Sign in' is clicked on

2018-10-23 13:27:20 - [MESSAGE][PASSED] - Object: 'Object Repository/Page_My Store/a_Sign in' is clicked on

2018-10-23 13:27:20 - [TEST_STEP][PASSED] - setText: Text 'e-8test@testmail.com' is set on object 'Object Repository/Page_Login - My Store/input_Email address_email'

2018-10-23 13:27:20 - [MESSAGE][PASSED] - Text 'e-8test@testmail.com' is set on object 'Object Repository/Page_Login - My Store/input_Email address_email'

2018-10-23 13:27:20 - [TEST_STEP][PASSED] - setEncryptedText: Text ****** has been set on object 'Object Repository/Page_Login - My Store/input_Password_passwd'

2018-10-23 13:27:20 - [MESSAGE][PASSED] - Text ****** has been set on object 'Object Repository/Page_Login - My Store/input_Password_passwd'

2018-10-23 13:27:20 - [TEST_STEP][PASSED] - click: Object: 'Object Repository/Page_Login - My Store/span_Sign in' is clicked on

2018-10-23 13:27:22 - [MESSAGE][PASSED] - Object: 'Object Repository/Page_Login - My Store/span_Sign in' is clicked on

2018-10-23 13:27:22 - [TEST_STEP][PASSED] - mouseOver: Object: 'Object Repository/Page_My account - My Store/a_Dresses' is hovered

2018-10-23 13:27:22 - [MESSAGE][PASSED] - Object: 'Object Repository/Page_My account - My Store/a_Dresses' is hovered

2018-10-23 13:27:22 - [TEST_STEP][PASSED] - waitForElementVisible: Object 'Object Repository/Page_My account - My Store/a_Evening Dresses' is visible

2018-10-23 13:27:22 - [MESSAGE][PASSED] - Object 'Object Repository/Page_My account - My Store/a_Evening Dresses' is visible

2018-10-23 13:27:22 - [TEST_STEP][PASSED] - click: Object: 'Object Repository/Page_My account - My Store/a_Evening Dresses' is clicked on

2018-10-23 13:27:24 - [MESSAGE][PASSED] - Object: 'Object Repository/Page_My account - My Store/a_Evening Dresses' is clicked on

2018-10-23 13:27:24 - [TEST_STEP][PASSED] - click: Object: 'Object Repository/Page_Evening Dresses - My Store/img_Showing 1 - 1 of 1 item_re_2' is clicked on

2018-10-23 13:27:26 - [MESSAGE][PASSED] - Object: 'Object Repository/Page_Evening Dresses - My Store/img_Showing 1 - 1 of 1 item_re_2' is clicked on

2018-10-23 13:27:26 - [TEST_STEP][PASSED] - click: Object: 'Object Repository/Page_Printed Dress - My Store/a_Write a review' is clicked on

2018-10-23 13:27:26 - [MESSAGE][PASSED] - Object: 'Object Repository/Page_Printed Dress - My Store/a_Write a review' is clicked on

2018-10-23 13:27:26 - [TEST_STEP][PASSED] - setText: Text 'Test title' is set on object 'Object Repository/Page_Printed Dress - My Store/input__title'

2018-10-23 13:27:26 - [MESSAGE][PASSED] - Text 'Test title' is set on object 'Object Repository/Page_Printed Dress - My Store/input__title'

2018-10-23 13:27:26 - [TEST_STEP][PASSED] - click: Object: 'Object Repository/Page_Printed Dress - My Store/span_Send' is clicked on

2018-10-23 13:27:27 - [MESSAGE][PASSED] - Object: 'Object Repository/Page_Printed Dress - My Store/span_Send' is clicked on

2018-10-23 13:27:27 - [TEST_STEP][PASSED] - delay: Delayed 2 second(s)

2018-10-23 13:27:29 - [MESSAGE][PASSED] - Delayed 2 second(s)

2018-10-23 13:27:29 - [TEST_STEP][PASSED] - verifyTextPresent: Text 'Comment is incorrect' is present on page 

2018-10-23 13:27:29 - [MESSAGE][PASSED] - Text 'Comment is incorrect' is present on page 

2018-10-23 13:27:29 - [TEST_STEP][PASSED] - setText: Text 'Test text' is set on object 'Object Repository/Page_Printed Dress - My Store/textarea__content'

2018-10-23 13:27:29 - [MESSAGE][PASSED] - Text 'Test text' is set on object 'Object Repository/Page_Printed Dress - My Store/textarea__content'

2018-10-23 13:27:29 - [TEST_STEP][PASSED] - click: Object: 'Object Repository/Page_Printed Dress - My Store/span_Send' is clicked on

2018-10-23 13:27:29 - [MESSAGE][PASSED] - Object: 'Object Repository/Page_Printed Dress - My Store/span_Send' is clicked on

2018-10-23 13:27:29 - [TEST_STEP][PASSED] - delay: Delayed 2 second(s)

2018-10-23 13:27:31 - [MESSAGE][PASSED] - Delayed 2 second(s)

2018-10-23 13:27:31 - [TEST_STEP][PASSED] - verifyTextPresent: Text 'Your comment has been added and will be available once approved by a moderator' is present on page  using regular expression

2018-10-23 13:27:32 - [MESSAGE][PASSED] - Text 'Your comment has been added and will be available once approved by a moderator' is present on page  using regular expression

2018-10-23 13:27:32 - [TEST_STEP][PASSED] - closeBrowser: Browser is closed

2018-10-23 13:27:32 - [MESSAGE][PASSED] - Browser is closed]]></system-out>
         <system-err><![CDATA[]]></system-err>
      </testcase>
      <system-out><![CDATA[2018-10-23 13:24:28 - [TEST_SUITE][PASSED] - Test Suite 1: Test Cases/Automationpractice/E-10 Write a review test]]></system-out>
      <system-err><![CDATA[]]></system-err>
   </testsuite>
</testsuites>
